yarn run v1.22.22
$ next dev
  ▲ Next.js 14.2.28
  - Local:        http://localhost:3000
  - Experiments (use with caution):
    · outputFileTracingRoot

 ✓ Starting...
Attention: Next.js now collects completely anonymous telemetry regarding usage.
This information is used to shape Next.js' roadmap and prioritize features.
You can learn more, including how to opt-out if you'd not like to participate in this anonymous program, by visiting the following URL:
https://nextjs.org/telemetry


   We detected TypeScript in your project and reconfigured your tsconfig.json file for you. Strict-mode is set to false by default.
   The following suggested values were added to your tsconfig.json. These values can be changed to fit your project's needs:

   	- include was updated to add '.dev/types/**/*.ts'

 ✓ Ready in 1528ms
 ○ Compiling / ...
 ✓ Compiled / in 5.8s (1109 modules)
 HEAD / 200 in 3750ms
 HEAD / 200 in 5886ms
 ✓ Compiled in 642ms (558 modules)
 GET / 200 in 69ms
 GET / 200 in 27ms
 GET / 200 in 31ms
 GET / 200 in 29ms
 GET / 200 in 35ms
